[debug] [2023-06-03T13:19:02.340Z] ----------------------------------------------------------------------
[debug] [2023-06-03T13:19:02.341Z] Command:       /usr/bin/node /usr/local/bin/firebase init
[debug] [2023-06-03T13:19:02.341Z] CLI Version:   12.1.0
[debug] [2023-06-03T13:19:02.341Z] Platform:      linux
[debug] [2023-06-03T13:19:02.341Z] Node Version:  v16.20.0
[debug] [2023-06-03T13:19:02.342Z] Time:          Sat Jun 03 2023 10:19:02 GMT-0300 (hora estándar de Argentina)
[debug] [2023-06-03T13:19:02.342Z] ----------------------------------------------------------------------
[debug] 
[debug] [2023-06-03T13:19:02.345Z] > command requires scopes: ["email","openid","https://www.googleapis.com/auth/cloudplatformprojects.readonly","https://www.googleapis.com/auth/firebase","https://www.googleapis.com/auth/cloud-platform"]
[debug] [2023-06-03T13:19:02.345Z] > authorizing via signed-in user (alejandro.bongioanni@gmail.com)
[info] 
     ######## #### ########  ######## ########     ###     ######  ########
     ##        ##  ##     ## ##       ##     ##  ##   ##  ##       ##
     ######    ##  ########  ######   ########  #########  ######  ######
     ##        ##  ##    ##  ##       ##     ## ##     ##       ## ##
     ##       #### ##     ## ######## ########  ##     ##  ######  ########

You're about to initialize a Firebase project in this directory:

  /home/telecom/Documentos/Facultad/Cursado/Labo 4/tp-clinica_online-lab_4

[info] 
=== Project Setup
[info] 
[info] First, let's associate this project directory with a Firebase project.
[info] You can create multiple project aliases by running firebase use --add, 
[info] but for now we'll just set up a default project.
[info] 
[debug] [2023-06-03T13:19:21.621Z] > refreshing access token with scopes: []
[debug] [2023-06-03T13:19:21.624Z] >>> [apiv2][query] POST https://www.googleapis.com/oauth2/v3/token [none]
[debug] [2023-06-03T13:19:21.625Z] >>> [apiv2][body] POST https://www.googleapis.com/oauth2/v3/token [omitted]
[debug] [2023-06-03T13:19:22.280Z] <<< [apiv2][status] POST https://www.googleapis.com/oauth2/v3/token 400
[debug] [2023-06-03T13:19:22.281Z] <<< [apiv2][body] POST https://www.googleapis.com/oauth2/v3/token [omitted]
[debug] [2023-06-03T13:19:22.282Z] >>> [apiv2][query] GET https://firebase.googleapis.com/v1beta1/projects pageSize=100
[debug] [2023-06-03T13:19:23.104Z] <<< [apiv2][status] GET https://firebase.googleapis.com/v1beta1/projects 401
[debug] [2023-06-03T13:19:23.104Z] <<< [apiv2][body] GET https://firebase.googleapis.com/v1beta1/projects [omitted]
[debug] [2023-06-03T13:19:23.105Z] HTTP Error: 401, Request had invalid authentication credentials. Expected OAuth 2 access token, login cookie or other valid authentication credential. See https://developers.google.com/identity/sign-in/web/devconsole-project.
[debug] [2023-06-03T13:19:23.702Z] FirebaseError: HTTP Error: 401, Request had invalid authentication credentials. Expected OAuth 2 access token, login cookie or other valid authentication credential. See https://developers.google.com/identity/sign-in/web/devconsole-project.
    at responseToError (/usr/local/lib/node_modules/firebase-tools/lib/responseToError.js:49:12)
    at RetryOperation._fn (/usr/local/lib/node_modules/firebase-tools/lib/apiv2.js:288:77)
    at processTicksAndRejections (node:internal/process/task_queues:96:5)
[error] 
[error] Error: Failed to list Firebase projects. See firebase-debug.log for more info.
